<?xml version="1.0" encoding="UTF-8"?>
<testng-results ignored="0" total="1" passed="1" failed="0" skipped="0">
  <reporter-output>
  </reporter-output>
  <suite started-at="2023-10-31T17:27:03 IST" name="Default suite" finished-at="2023-10-31T17:27:04 IST" duration-ms="35">
    <groups>
    </groups>
    <test started-at="2023-10-31T17:27:03 IST" name="Default test" finished-at="2023-10-31T17:27:04 IST" duration-ms="35">
      <class name="com.heroo.moootoocoorpp.arraylistt">
        <test-method signature="methodname()[pri:0, instance:com.heroo.moootoocoorpp.arraylistt@51bf5add]" started-at="2023-10-31T17:27:04 IST" name="methodname" finished-at="2023-10-31T17:27:04 IST" duration-ms="6" status="PASS">
          <reporter-output>
          </reporter-output>
        </test-method> <!-- methodname -->
      </class> <!-- com.heroo.moootoocoorpp.arraylistt -->
    </test> <!-- Default test -->
  </suite> <!-- Default suite -->
</testng-results>
